<?xml version="1.0" encoding="UTF-8"?>
<testng-results skipped="0" failed="0" ignored="0" total="1" passed="1">
  <reporter-output>
  </reporter-output>
  <suite name="Default suite" duration-ms="21236" started-at="2020-08-23T01:30:22 IST" finished-at="2020-08-23T01:30:43 IST">
    <groups>
    </groups>
    <test name="Default test" duration-ms="21236" started-at="2020-08-23T01:30:22 IST" finished-at="2020-08-23T01:30:43 IST">
      <class name="com.winow.exp.PairentChiedWindowExp">
        <test-method status="PASS" signature="init()[pri:0, instance:com.winow.exp.PairentChiedWindowExp@694e1548]" name="init" is-config="true" duration-ms="10497" started-at="2020-08-23T01:30:22 IST" finished-at="2020-08-23T01:30:32 IST">
          <reporter-output>
          </reporter-output>
        </test-method> <!-- init -->
        <test-method status="PASS" signature="m1()[pri:0, instance:com.winow.exp.PairentChiedWindowExp@694e1548]" name="m1" duration-ms="10641" started-at="2020-08-23T01:30:32 IST" finished-at="2020-08-23T01:30:43 IST">
          <reporter-output>
          </reporter-output>
        </test-method> <!-- m1 -->
      </class> <!-- com.winow.exp.PairentChiedWindowExp -->
    </test> <!-- Default test -->
  </suite> <!-- Default suite -->
</testng-results>
